生成启动时间为 2016/6/13 10:43:47。
     1>项目“D:\speech_match\speechmatch-最终备份-20160517\speechMatchDLL\speechMatchDLL\speechMatchDLL\speechMatchDLL.vcxproj”在节点 2 上(rebuild 个目标)。
     1>_PrepareForClean:
         正在删除文件“Release\speechMatchDLL.lastbuildstate”。
       InitializeBuildStatus:
         正在创建“Release\speechMatchDLL.unsuccessfulbuild”，因为已指定“AlwaysCreate”。
       ClCompile:
         C:\Program Files (x86)\Microsoft Visual Studio 10.0\VC\bin\CL.exe /c /I"C:\Program Files (x86)\Visual Leak Detector\include" /Zi /nologo /W3 /WX- /O2 /Oi /Oy- /GL /D WIN32 /D NDEBUG /D _WINDOWS /D _USRDLL /D SPEECHMATCHDLL_EXPORTS /D _WINDLL /D _UNICODE /D UNICODE /Gm- /EHsc /MTd /GS /Gy /fp:precise /Zc:wchar_t /Zc:forScope /Yc"StdAfx.h" /Fp"Release\speechMatchDLL.pch" /Fo"Release\\" /Fd"Release\vc100.pdb" /Gd /TP /analyze- /errorReport:prompt stdafx.cpp
         stdafx.cpp
         C:\Program Files (x86)\Microsoft Visual Studio 10.0\VC\bin\CL.exe /c /I"C:\Program Files (x86)\Visual Leak Detector\include" /Zi /nologo /W3 /WX- /O2 /Oi /Oy- /GL /D WIN32 /D NDEBUG /D _WINDOWS /D _USRDLL /D SPEECHMATCHDLL_EXPORTS /D _WINDLL /D _UNICODE /D UNICODE /Gm- /EHsc /MTd /GS /Gy /fp:precise /Zc:wchar_t /Zc:forScope /Fo"Release\\" /Fd"Release\vc100.pdb" /Gd /TP /analyze- /errorReport:prompt dllmain.cpp
         dllmain.cpp
         C:\Program Files (x86)\Microsoft Visual Studio 10.0\VC\bin\CL.exe /c /I"C:\Program Files (x86)\Visual Leak Detector\include" /Zi /nologo /W3 /WX- /O2 /Oi /Oy- /GL /D WIN32 /D NDEBUG /D _WINDOWS /D _USRDLL /D SPEECHMATCHDLL_EXPORTS /D _WINDLL /D _UNICODE /D UNICODE /Gm- /EHsc /MTd /GS /Gy /fp:precise /Zc:wchar_t /Zc:forScope /Yu"StdAfx.h" /Fp"Release\speechMatchDLL.pch" /Fo"Release\\" /Fd"Release\vc100.pdb" /Gd /TP /analyze- /errorReport:prompt speechMatch.cpp
         speechMatch.cpp
     1>speechMatch.cpp(42): warning C4305: “初始化”: 从“double”到“float”截断
     1>speechMatch.cpp(76): warning C4996: 'fopen': This function or variable may be unsafe. Consider using fopen_s instead. To disable deprecation, use _CRT_SECURE_NO_WARNINGS. See online help for details.
                 C:\Program Files (x86)\Microsoft Visual Studio 10.0\VC\include\stdio.h(234) : 参见“fopen”的声明
     1>speechMatch.cpp(258): warning C4244: “初始化”: 从“double”转换到“float”，可能丢失数据
     1>speechMatch.cpp(359): warning C4996: 'fopen': This function or variable may be unsafe. Consider using fopen_s instead. To disable deprecation, use _CRT_SECURE_NO_WARNINGS. See online help for details.
                 C:\Program Files (x86)\Microsoft Visual Studio 10.0\VC\include\stdio.h(234) : 参见“fopen”的声明
     1>speechMatch.cpp(526): warning C4244: “初始化”: 从“double”转换到“float”，可能丢失数据
     1>speechMatch.cpp(744): warning C4244: “初始化”: 从“double”转换到“float”，可能丢失数据
     1>speechMatch.cpp(914): warning C4244: “初始化”: 从“double”转换到“float”，可能丢失数据
     1>speechMatch.cpp(952): warning C4996: 'fopen': This function or variable may be unsafe. Consider using fopen_s instead. To disable deprecation, use _CRT_SECURE_NO_WARNINGS. See online help for details.
                 C:\Program Files (x86)\Microsoft Visual Studio 10.0\VC\include\stdio.h(234) : 参见“fopen”的声明
     1>speechMatch.cpp(1072): warning C4244: “初始化”: 从“double”转换到“float”，可能丢失数据
     1>speechMatch.cpp(1083): warning C4244: “初始化”: 从“double”转换到“float”，可能丢失数据
     1>speechMatch.cpp(1125): warning C4996: 'fopen': This function or variable may be unsafe. Consider using fopen_s instead. To disable deprecation, use _CRT_SECURE_NO_WARNINGS. See online help for details.
                 C:\Program Files (x86)\Microsoft Visual Studio 10.0\VC\include\stdio.h(234) : 参见“fopen”的声明
     1>speechMatch.cpp(1233): warning C4244: “初始化”: 从“double”转换到“float”，可能丢失数据
     1>speechMatch.cpp(1363): warning C4244: “=”: 从“int”转换到“float”，可能丢失数据
     1>speechMatch.cpp(1473): warning C4244: “参数”: 从“unsigned __int64”转换到“unsigned int”，可能丢失数据
     1>speechMatch.cpp(1474): warning C4244: “参数”: 从“unsigned __int64”转换到“unsigned int”，可能丢失数据
     1>speechMatch.cpp(1678): warning C4996: 'fopen': This function or variable may be unsafe. Consider using fopen_s instead. To disable deprecation, use _CRT_SECURE_NO_WARNINGS. See online help for details.
                 C:\Program Files (x86)\Microsoft Visual Studio 10.0\VC\include\stdio.h(234) : 参见“fopen”的声明
     1>speechMatch.cpp(1858): warning C4996: 'fopen': This function or variable may be unsafe. Consider using fopen_s instead. To disable deprecation, use _CRT_SECURE_NO_WARNINGS. See online help for details.
                 C:\Program Files (x86)\Microsoft Visual Studio 10.0\VC\include\stdio.h(234) : 参见“fopen”的声明
       Link:
         C:\Program Files (x86)\Microsoft Visual Studio 10.0\VC\bin\link.exe /ERRORREPORT:PROMPT /OUT:"D:\speech_match\speechmatch-最终备份-20160517\speechMatchDLL\speechMatchDLL\Release\speechMatchDLL.dll" /INCREMENTAL:NO /NOLOGO /LIBPATH:"C:\Program Files (x86)\Visual Leak Detector\lib\Win32" /MANIFEST /ManifestFile:"Release\speechMatchDLL.dll.intermediate.manifest" /MANIFESTUAC:"level='asInvoker' uiAccess='false'" /DEBUG /PDB:"D:\speech_match\speechmatch-最终备份-20160517\speechMatchDLL\speechMatchDLL\Release\speechMatchDLL.pdb" /SUBSYSTEM:WINDOWS /OPT:REF /OPT:ICF /LTCG /TLBID:1 /DYNAMICBASE /NXCOMPAT /IMPLIB:"D:\speech_match\speechmatch-最终备份-20160517\speechMatchDLL\speechMatchDLL\Release\speechMatchDLL.lib" /MACHINE:X86 /DLL Release\dllmain.obj
         Release\speechMatch.obj
         Release\stdafx.obj
            正在创建库 D:\speech_match\speechmatch-最终备份-20160517\speechMatchDLL\speechMatchDLL\Release\speechMatchDLL.lib 和对象 D:\speech_match\speechmatch-最终备份-20160517\speechMatchDLL\speechMatchDLL\Release\speechMatchDLL.exp
         正在生成代码
         已完成代码的生成
         speechMatchDLL.vcxproj -> D:\speech_match\speechmatch-最终备份-20160517\speechMatchDLL\speechMatchDLL\Release\speechMatchDLL.dll
       Manifest:
         c:\Program Files (x86)\Microsoft SDKs\Windows\v7.0A\bin\mt.exe /nologo /verbose /outputresource:"D:\speech_match\speechmatch-最终备份-20160517\speechMatchDLL\speechMatchDLL\Release\speechMatchDLL.dll;#2" /manifest Release\speechMatchDLL.dll.intermediate.manifest "C:\Program Files (x86)\Microsoft Visual Studio 10.0\VC\Include\Manifest\dpiaware.manifest"
       FinalizeBuildStatus:
         正在删除文件“Release\speechMatchDLL.unsuccessfulbuild”。
         正在对“Release\speechMatchDLL.lastbuildstate”执行 Touch 任务。
     1>已完成生成项目“D:\speech_match\speechmatch-最终备份-20160517\speechMatchDLL\speechMatchDLL\speechMatchDLL\speechMatchDLL.vcxproj”(rebuild 个目标)的操作。

生成成功。

已用时间 00:00:20.52
