D:\SPEECH_MATCH\SPEECHMATCH-最终备份-20160517\SPEECHMATCHDLL\SPEECHMATCHDLL - 副本\RELEASE\SPEECHMATCHDLL.DLL
D:\speech_match\speechmatch-最终备份-20160517\speechMatchDLL\speechMatchDLL - 副本\Release\speechMatchDLL.exp
D:\speech_match\speechmatch-最终备份-20160517\speechMatchDLL\speechMatchDLL - 副本\Release\speechMatchDLL.lib
D:\SPEECH_MATCH\SPEECHMATCH-最终备份-20160517\SPEECHMATCHDLL\SPEECHMATCHDLL - 副本\RELEASE\SPEECHMATCHDLL.PDB
D:\SPEECH_MATCH\SPEECHMATCH-最终备份-20160517\SPEECHMATCHDLL\SPEECHMATCHDLL - 副本\SPEECHMATCHDLL\RELEASE\DLLMAIN.OBJ
D:\SPEECH_MATCH\SPEECHMATCH-最终备份-20160517\SPEECHMATCHDLL\SPEECHMATCHDLL - 副本\SPEECHMATCHDLL\RELEASE\SPEECHMATCH.OBJ
D:\SPEECH_MATCH\SPEECHMATCH-最终备份-20160517\SPEECHMATCHDLL\SPEECHMATCHDLL - 副本\SPEECHMATCHDLL\RELEASE\SPEECHMATCHDLL.DLL.INTERMEDIATE.MANIFEST
D:\SPEECH_MATCH\SPEECHMATCH-最终备份-20160517\SPEECHMATCHDLL\SPEECHMATCHDLL - 副本\SPEECHMATCHDLL\RELEASE\SPEECHMATCHDLL.PCH
D:\SPEECH_MATCH\SPEECHMATCH-最终备份-20160517\SPEECHMATCHDLL\SPEECHMATCHDLL - 副本\SPEECHMATCHDLL\RELEASE\STDAFX.OBJ
D:\SPEECH_MATCH\SPEECHMATCH-最终备份-20160517\SPEECHMATCHDLL\SPEECHMATCHDLL - 副本\SPEECHMATCHDLL\RELEASE\VC100.PDB
D:\speech_match\speechmatch-最终备份-20160517\speechMatchDLL\speechMatchDLL\Release\speechMatchDLL.dll
D:\speech_match\speechmatch-最终备份-20160517\speechMatchDLL\speechMatchDLL\Release\speechMatchDLL.pdb
D:\speech_match\speechmatch-最终备份-20160517\speechMatchDLL\speechMatchDLL\speechMatchDLL\Release\cl.command.1.tlog
D:\speech_match\speechmatch-最终备份-20160517\speechMatchDLL\speechMatchDLL\speechMatchDLL\Release\CL.read.1.tlog
D:\speech_match\speechmatch-最终备份-20160517\speechMatchDLL\speechMatchDLL\speechMatchDLL\Release\CL.write.1.tlog
D:\speech_match\speechmatch-最终备份-20160517\speechMatchDLL\speechMatchDLL\speechMatchDLL\Release\dllmain.obj
D:\speech_match\speechmatch-最终备份-20160517\speechMatchDLL\speechMatchDLL\speechMatchDLL\Release\link.command.1.tlog
D:\speech_match\speechmatch-最终备份-20160517\speechMatchDLL\speechMatchDLL\speechMatchDLL\Release\link.read.1.tlog
D:\speech_match\speechmatch-最终备份-20160517\speechMatchDLL\speechMatchDLL\speechMatchDLL\Release\link.write.1.tlog
D:\speech_match\speechmatch-最终备份-20160517\speechMatchDLL\speechMatchDLL\speechMatchDLL\Release\mt.command.1.tlog
D:\speech_match\speechmatch-最终备份-20160517\speechMatchDLL\speechMatchDLL\speechMatchDLL\Release\mt.read.1.tlog
D:\speech_match\speechmatch-最终备份-20160517\speechMatchDLL\speechMatchDLL\speechMatchDLL\Release\mt.write.1.tlog
D:\speech_match\speechmatch-最终备份-20160517\speechMatchDLL\speechMatchDLL\speechMatchDLL\Release\speechMatch.obj
D:\speech_match\speechmatch-最终备份-20160517\speechMatchDLL\speechMatchDLL\speechMatchDLL\Release\speechMatchDLL.dll.intermediate.manifest
D:\speech_match\speechmatch-最终备份-20160517\speechMatchDLL\speechMatchDLL\speechMatchDLL\Release\speechMatchDLL.pch
D:\speech_match\speechmatch-最终备份-20160517\speechMatchDLL\speechMatchDLL\speechMatchDLL\Release\speechMatchDLL.vcxprojResolveAssemblyReference.cache
D:\speech_match\speechmatch-最终备份-20160517\speechMatchDLL\speechMatchDLL\speechMatchDLL\Release\speechMatchDLL.write.1.tlog
D:\speech_match\speechmatch-最终备份-20160517\speechMatchDLL\speechMatchDLL\speechMatchDLL\Release\stdafx.obj
D:\speech_match\speechmatch-最终备份-20160517\speechMatchDLL\speechMatchDLL\speechMatchDLL\Release\vc100.pdb
