D:\SPEECH_MATCH\SPEECHMATCHCPLUS\SPEECHMATCH-小语音\SPEECHMATCHDLL\SPEECHMATCHDLL\DEBUG\SPEECHMATCHDLL.DLL
D:\speech_match\speechMatchCPlus\speechMatch-小语音\speechMatchDLL\speechMatchDLL\Debug\speechMatchDLL.exp
D:\SPEECH_MATCH\SPEECHMATCHCPLUS\SPEECHMATCH-小语音\SPEECHMATCHDLL\SPEECHMATCHDLL\DEBUG\SPEECHMATCHDLL.ILK
D:\speech_match\speechMatchCPlus\speechMatch-小语音\speechMatchDLL\speechMatchDLL\Debug\speechMatchDLL.lib
D:\SPEECH_MATCH\SPEECHMATCHCPLUS\SPEECHMATCH-小语音\SPEECHMATCHDLL\SPEECHMATCHDLL\DEBUG\SPEECHMATCHDLL.PDB
D:\speech_match\speechMatchCPlus\speechMatch-小语音\speechMatchDLL\speechMatchDLL\speechMatchDLL\Debug\cl.command.1.tlog
D:\speech_match\speechMatchCPlus\speechMatch-小语音\speechMatchDLL\speechMatchDLL\speechMatchDLL\Debug\CL.read.1.tlog
D:\speech_match\speechMatchCPlus\speechMatch-小语音\speechMatchDLL\speechMatchDLL\speechMatchDLL\Debug\CL.write.1.tlog
D:\SPEECH_MATCH\SPEECHMATCHCPLUS\SPEECHMATCH-小语音\SPEECHMATCHDLL\SPEECHMATCHDLL\SPEECHMATCHDLL\DEBUG\DLLMAIN.OBJ
D:\speech_match\speechMatchCPlus\speechMatch-小语音\speechMatchDLL\speechMatchDLL\speechMatchDLL\Debug\link.9032.read.1.tlog
D:\speech_match\speechMatchCPlus\speechMatch-小语音\speechMatchDLL\speechMatchDLL\speechMatchDLL\Debug\link.9032.write.1.tlog
D:\speech_match\speechMatchCPlus\speechMatch-小语音\speechMatchDLL\speechMatchDLL\speechMatchDLL\Debug\link.9032-cvtres.read.1.tlog
D:\speech_match\speechMatchCPlus\speechMatch-小语音\speechMatchDLL\speechMatchDLL\speechMatchDLL\Debug\link.9032-cvtres.write.1.tlog
D:\speech_match\speechMatchCPlus\speechMatch-小语音\speechMatchDLL\speechMatchDLL\speechMatchDLL\Debug\link.command.1.tlog
D:\speech_match\speechMatchCPlus\speechMatch-小语音\speechMatchDLL\speechMatchDLL\speechMatchDLL\Debug\link.read.1.tlog
D:\speech_match\speechMatchCPlus\speechMatch-小语音\speechMatchDLL\speechMatchDLL\speechMatchDLL\Debug\link.write.1.tlog
D:\speech_match\speechMatchCPlus\speechMatch-小语音\speechMatchDLL\speechMatchDLL\speechMatchDLL\Debug\link-cvtres.read.1.tlog
D:\speech_match\speechMatchCPlus\speechMatch-小语音\speechMatchDLL\speechMatchDLL\speechMatchDLL\Debug\link-cvtres.write.1.tlog
D:\speech_match\speechMatchCPlus\speechMatch-小语音\speechMatchDLL\speechMatchDLL\speechMatchDLL\Debug\mt.command.1.tlog
D:\speech_match\speechMatchCPlus\speechMatch-小语音\speechMatchDLL\speechMatchDLL\speechMatchDLL\Debug\mt.read.1.tlog
D:\speech_match\speechMatchCPlus\speechMatch-小语音\speechMatchDLL\speechMatchDLL\speechMatchDLL\Debug\mt.write.1.tlog
D:\speech_match\speechMatchCPlus\speechMatch-小语音\speechMatchDLL\speechMatchDLL\speechMatchDLL\Debug\rc.command.1.tlog
D:\speech_match\speechMatchCPlus\speechMatch-小语音\speechMatchDLL\speechMatchDLL\speechMatchDLL\Debug\rc.read.1.tlog
D:\speech_match\speechMatchCPlus\speechMatch-小语音\speechMatchDLL\speechMatchDLL\speechMatchDLL\Debug\rc.write.1.tlog
D:\SPEECH_MATCH\SPEECHMATCHCPLUS\SPEECHMATCH-小语音\SPEECHMATCHDLL\SPEECHMATCHDLL\SPEECHMATCHDLL\DEBUG\SPEECHMATCH.OBJ
D:\SPEECH_MATCH\SPEECHMATCHCPLUS\SPEECHMATCH-小语音\SPEECHMATCHDLL\SPEECHMATCHDLL\SPEECHMATCHDLL\DEBUG\SPEECHMATCHDLL.DLL.EMBED.MANIFEST
D:\SPEECH_MATCH\SPEECHMATCHCPLUS\SPEECHMATCH-小语音\SPEECHMATCHDLL\SPEECHMATCHDLL\SPEECHMATCHDLL\DEBUG\SPEECHMATCHDLL.DLL.EMBED.MANIFEST.RES
D:\SPEECH_MATCH\SPEECHMATCHCPLUS\SPEECHMATCH-小语音\SPEECHMATCHDLL\SPEECHMATCHDLL\SPEECHMATCHDLL\DEBUG\SPEECHMATCHDLL.DLL.INTERMEDIATE.MANIFEST
D:\SPEECH_MATCH\SPEECHMATCHCPLUS\SPEECHMATCH-小语音\SPEECHMATCHDLL\SPEECHMATCHDLL\SPEECHMATCHDLL\DEBUG\SPEECHMATCHDLL.PCH
D:\speech_match\speechMatchCPlus\speechMatch-小语音\speechMatchDLL\speechMatchDLL\speechMatchDLL\Debug\speechMatchDLL.vcxprojResolveAssemblyReference.cache
D:\speech_match\speechMatchCPlus\speechMatch-小语音\speechMatchDLL\speechMatchDLL\speechMatchDLL\Debug\speechMatchDLL.write.1.tlog
D:\speech_match\speechMatchCPlus\speechMatch-小语音\speechMatchDLL\speechMatchDLL\speechMatchDLL\Debug\speechMatchDLL_manifest.rc
D:\SPEECH_MATCH\SPEECHMATCHCPLUS\SPEECHMATCH-小语音\SPEECHMATCHDLL\SPEECHMATCHDLL\SPEECHMATCHDLL\DEBUG\STDAFX.OBJ
D:\speech_match\speechMatchCPlus\speechMatch-小语音\speechMatchDLL\speechMatchDLL\speechMatchDLL\Debug\vc100.idb
D:\SPEECH_MATCH\SPEECHMATCHCPLUS\SPEECHMATCH-小语音\SPEECHMATCHDLL\SPEECHMATCHDLL\SPEECHMATCHDLL\DEBUG\VC100.PDB
